<?xml version="1.0" encoding="UTF-8"?>
<!-- Generated by org.testng.reporters.JUnitXMLReporter -->
<testsuite ignored="0" hostname="Arjuns-MBP.net" failures="2" tests="7" name="iOS" time="105.267" errors="0" timestamp="2021-09-02T11:33:34 AST">
  <testcase classname="com.qa.runners.RunnerBase" name="scenario" time="7.755"/>
  <testcase classname="com.qa.runners.RunnerBase" name="scenario" time="9.473"/>
  <testcase classname="com.qa.runners.RunnerBase" name="scenario" time="12.75"/>
  <testcase classname="com.qa.runners.RunnerBase" name="scenario" time="12.903">
    <failure type="org.junit.ComparisonFailure" message="expected:&amp;lt;Kindly enter [your] password.&amp;gt; but was:&amp;lt;Kindly enter [a] password.&amp;gt;">
      <![CDATA[org.junit.ComparisonFailure: expected:<Kindly enter [your] password.> but was:<Kindly enter [a] password.>
at org.junit.Assert.assertEquals(Assert.java:117)
at org.junit.Assert.assertEquals(Assert.java:146)
at com.qa.stepdef.LoginStepDef.loginShouldFailWithAnError(LoginStepDef.java:53)
at ✽.login should fail with an error "Kindly enter a password."(file:///Users/arjunmac/Downloads/Cucumber-TestNg/src/test/resources/Login.feature:46)
]]>
    </failure>
  </testcase> <!-- scenario -->
  <testcase classname="com.qa.runners.RunnerBase" name="scenario" time="14.372">
    <failure type="org.junit.ComparisonFailure" message="expected:&amp;lt;E[mail provided] is invalid.&amp;gt; but was:&amp;lt;E[ntered email] is invalid.&amp;gt;">
      <![CDATA[org.junit.ComparisonFailure: expected:<E[mail provided] is invalid.> but was:<E[ntered email] is invalid.>
at org.junit.Assert.assertEquals(Assert.java:117)
at org.junit.Assert.assertEquals(Assert.java:146)
at com.qa.stepdef.LoginStepDef.loginShouldFailWithAnError(LoginStepDef.java:53)
at ✽.login should fail with an error "Entered email is invalid."(file:///Users/arjunmac/Downloads/Cucumber-TestNg/src/test/resources/Login.feature:55)
]]>
    </failure>
  </testcase> <!-- scenario -->
  <testcase classname="com.qa.runners.RunnerBase" name="scenario" time="14.365"/>
  <testcase classname="com.qa.runners.RunnerBase" name="scenario" time="15.265"/>
</testsuite> <!-- iOS -->
