<?xml version="1.0" encoding="UTF-8"?>
<!-- Generated by org.testng.reporters.JUnitReportReporter -->
<testsuite hostname="Arjuns-MBP.net" failures="2" tests="7" name="com.qa.runners.PixelTestNGRunner" time="86.883" errors="0" timestamp="2021-09-02T11:33:34 AST" skipped="0">
  <testcase classname="com.qa.runners.PixelTestNGRunner" name="scenario" time="12.903">
    <failure message="expected:&lt;Kindly enter [your] password.&gt; but was:&lt;Kindly enter [a] password.&gt;" type="org.junit.ComparisonFailure">
      <![CDATA[org.junit.ComparisonFailure: expected:<Kindly enter [your] password.> but was:<Kindly enter [a] password.>
at org.junit.Assert.assertEquals(Assert.java:117)
at org.junit.Assert.assertEquals(Assert.java:146)
at com.qa.stepdef.LoginStepDef.loginShouldFailWithAnError(LoginStepDef.java:53)
at ✽.login should fail with an error "Kindly enter a password."(file:///Users/arjunmac/Downloads/Cucumber-TestNg/src/test/resources/Login.feature:46)
]]>
    </failure>
  </testcase> <!-- scenario -->
  <system-out/>
  <testcase classname="com.qa.runners.PixelTestNGRunner" name="scenario" time="14.365"/>
  <system-out/>
  <testcase classname="com.qa.runners.PixelTestNGRunner" name="scenario" time="15.265"/>
  <system-out/>
  <testcase classname="com.qa.runners.PixelTestNGRunner" name="scenario" time="14.372">
    <failure message="expected:&lt;E[mail provided] is invalid.&gt; but was:&lt;E[ntered email] is invalid.&gt;" type="org.junit.ComparisonFailure">
      <![CDATA[org.junit.ComparisonFailure: expected:<E[mail provided] is invalid.> but was:<E[ntered email] is invalid.>
at org.junit.Assert.assertEquals(Assert.java:117)
at org.junit.Assert.assertEquals(Assert.java:146)
at com.qa.stepdef.LoginStepDef.loginShouldFailWithAnError(LoginStepDef.java:53)
at ✽.login should fail with an error "Entered email is invalid."(file:///Users/arjunmac/Downloads/Cucumber-TestNg/src/test/resources/Login.feature:55)
]]>
    </failure>
  </testcase> <!-- scenario -->
  <system-out/>
  <testcase classname="com.qa.runners.PixelTestNGRunner" name="scenario" time="7.755"/>
  <system-out/>
  <testcase classname="com.qa.runners.PixelTestNGRunner" name="scenario" time="9.473"/>
  <system-out/>
  <testcase classname="com.qa.runners.PixelTestNGRunner" name="scenario" time="12.750"/>
  <system-out/>
</testsuite> <!-- com.qa.runners.PixelTestNGRunner -->
